[0.036s] Invoking command in '/home/jungle/ros_cpp/robot-/robot-/build/bot_desc': CMAKE_PREFIX_PATH=/opt/ros/humble /usr/bin/cmake /home/jungle/ros_cpp/robot-/robot-/src/bot_desc -DAMENT_CMAKE_SYMLINK_INSTALL=1 -DCMAKE_INSTALL_PREFIX=/home/jungle/ros_cpp/robot-/robot-/install/bot_desc
[0.364s] -- The C compiler identification is GNU 11.4.0
[0.646s] -- The CXX compiler identification is GNU 11.4.0
[0.686s] -- Detecting C compiler ABI info
[0.919s] -- Detecting C compiler ABI info - done
[0.940s] -- Check for working C compiler: /usr/bin/cc - skipped
[0.952s] -- Detecting C compile features
[0.952s] -- Detecting C compile features - done
[0.967s] -- Detecting CXX compiler ABI info
[1.245s] -- Detecting CXX compiler ABI info - done
[1.272s] -- Check for working CXX compiler: /usr/bin/c++ - skipped
[1.272s] -- Detecting CXX compile features
[1.273s] -- Detecting CXX compile features - done
[1.311s] -- Found ament_cmake: 1.3.13 (/opt/ros/humble/share/ament_cmake/cmake)
[1.900s] -- Found Python3: /usr/bin/python3 (found version "3.10.12") found components: Interpreter 
[2.182s] -- Override CMake install command with custom implementation using symlinks instead of copying resources
[2.368s] -- Found ament_lint_auto: 0.12.15 (/opt/ros/humble/share/ament_lint_auto/cmake)
[2.755s] -- Added test 'flake8' to check Python code syntax and style conventions
[2.757s] -- Added test 'lint_cmake' to check CMake code style
[2.761s] -- Added test 'pep257' to check Python code against some of the docstring style conventions in PEP 257
[2.781s] -- Added test 'xmllint' to check XML markup files
[2.800s] -- Configuring done
[2.800s] -- Generating done
[2.806s] -- Build files have been written to: /home/jungle/ros_cpp/robot-/robot-/build/bot_desc
[2.837s] Invoked command in '/home/jungle/ros_cpp/robot-/robot-/build/bot_desc' returned '0': CMAKE_PREFIX_PATH=/opt/ros/humble /usr/bin/cmake /home/jungle/ros_cpp/robot-/robot-/src/bot_desc -DAMENT_CMAKE_SYMLINK_INSTALL=1 -DCMAKE_INSTALL_PREFIX=/home/jungle/ros_cpp/robot-/robot-/install/bot_desc
[2.838s] Invoking command in '/home/jungle/ros_cpp/robot-/robot-/build/bot_desc': CMAKE_PREFIX_PATH=/opt/ros/humble /usr/bin/cmake --build /home/jungle/ros_cpp/robot-/robot-/build/bot_desc -- -j8 -l8
[2.987s] Invoked command in '/home/jungle/ros_cpp/robot-/robot-/build/bot_desc' returned '0': CMAKE_PREFIX_PATH=/opt/ros/humble /usr/bin/cmake --build /home/jungle/ros_cpp/robot-/robot-/build/bot_desc -- -j8 -l8
[3.023s] Invoking command in '/home/jungle/ros_cpp/robot-/robot-/build/bot_desc': CMAKE_PREFIX_PATH=/opt/ros/humble /usr/bin/cmake --install /home/jungle/ros_cpp/robot-/robot-/build/bot_desc
[3.065s] -- Install configuration: ""
[3.079s] -- Execute custom install script
[3.079s] -- Symlinking: /home/jungle/ros_cpp/robot-/robot-/install/bot_desc/share/bot_desc/launch/__pycache__/display_robot_launch.cpython-310.pyc
[3.114s] -- Symlinking: /home/jungle/ros_cpp/robot-/robot-/install/bot_desc/share/bot_desc/launch/display_robot_launch.py
[3.143s] -- Symlinking: /home/jungle/ros_cpp/robot-/robot-/install/bot_desc/share/bot_desc/launch/gazebo_sim.launch.py
[3.172s] -- Symlinking: /home/jungle/ros_cpp/robot-/robot-/install/bot_desc/share/bot_desc/urdf/first_robot.gv
[3.204s] -- Symlinking: /home/jungle/ros_cpp/robot-/robot-/install/bot_desc/share/bot_desc/urdf/first_robot.pdf
[3.233s] -- Symlinking: /home/jungle/ros_cpp/robot-/robot-/install/bot_desc/share/bot_desc/urdf/first_robot.urdf
[3.254s] -- Symlinking: /home/jungle/ros_cpp/robot-/robot-/install/bot_desc/share/bot_desc/urdf/first_robot.xacro
[3.285s] -- Symlinking: /home/jungle/ros_cpp/robot-/robot-/install/bot_desc/share/bot_desc/urdf/mybot/actor/caster.urdf.xacro
[3.298s] -- Symlinking: /home/jungle/ros_cpp/robot-/robot-/install/bot_desc/share/bot_desc/urdf/mybot/actor/wheel.urdf.xacro
[3.321s] -- Symlinking: /home/jungle/ros_cpp/robot-/robot-/install/bot_desc/share/bot_desc/urdf/mybot/base.urdf.xacro
[3.354s] -- Symlinking: /home/jungle/ros_cpp/robot-/robot-/install/bot_desc/share/bot_desc/urdf/mybot/common_inertia.xacro
[3.391s] -- Symlinking: /home/jungle/ros_cpp/robot-/robot-/install/bot_desc/share/bot_desc/urdf/mybot/labot.urdf.xacro
[3.421s] -- Symlinking: /home/jungle/ros_cpp/robot-/robot-/install/bot_desc/share/bot_desc/urdf/mybot/mybot_ros2_control.xacro
[3.451s] -- Symlinking: /home/jungle/ros_cpp/robot-/robot-/install/bot_desc/share/bot_desc/urdf/mybot/plugins/gazebo_control_plugin.xacro
[3.476s] -- Symlinking: /home/jungle/ros_cpp/robot-/robot-/install/bot_desc/share/bot_desc/urdf/mybot/plugins/gazebo_sensor_plugin.xacro
[3.495s] -- Symlinking: /home/jungle/ros_cpp/robot-/robot-/install/bot_desc/share/bot_desc/urdf/mybot/sensor/camera.urdf.xacro
[3.525s] -- Symlinking: /home/jungle/ros_cpp/robot-/robot-/install/bot_desc/share/bot_desc/urdf/mybot/sensor/imu.urdf.xacro
[3.559s] -- Symlinking: /home/jungle/ros_cpp/robot-/robot-/install/bot_desc/share/bot_desc/urdf/mybot/sensor/laser.urdf.xacro
[3.583s] -- Symlinking: /home/jungle/ros_cpp/robot-/robot-/install/bot_desc/share/bot_desc/config/display_robot_model.rviz
[3.602s] -- Symlinking: /home/jungle/ros_cpp/robot-/robot-/install/bot_desc/share/bot_desc/config/mybot_ros2_controller.yaml
[3.632s] -- Symlinking: /home/jungle/ros_cpp/robot-/robot-/install/bot_desc/share/bot_desc/world/custom_room.world
[3.652s] -- Symlinking: /home/jungle/ros_cpp/robot-/robot-/install/bot_desc/share/bot_desc/world/room/model.config
[3.673s] -- Symlinking: /home/jungle/ros_cpp/robot-/robot-/install/bot_desc/share/bot_desc/world/room/model.sdf
[3.691s] -- Symlinking: /home/jungle/ros_cpp/robot-/robot-/install/bot_desc/share/ament_index/resource_index/package_run_dependencies/bot_desc
[3.714s] -- Symlinking: /home/jungle/ros_cpp/robot-/robot-/install/bot_desc/share/ament_index/resource_index/parent_prefix_path/bot_desc
[3.736s] -- Symlinking: /home/jungle/ros_cpp/robot-/robot-/install/bot_desc/share/bot_desc/environment/ament_prefix_path.sh
[3.752s] -- Symlinking: /home/jungle/ros_cpp/robot-/robot-/install/bot_desc/share/bot_desc/environment/ament_prefix_path.dsv
[3.768s] -- Symlinking: /home/jungle/ros_cpp/robot-/robot-/install/bot_desc/share/bot_desc/environment/path.sh
[3.787s] -- Symlinking: /home/jungle/ros_cpp/robot-/robot-/install/bot_desc/share/bot_desc/environment/path.dsv
[3.810s] -- Symlinking: /home/jungle/ros_cpp/robot-/robot-/install/bot_desc/share/bot_desc/local_setup.bash
[3.825s] -- Symlinking: /home/jungle/ros_cpp/robot-/robot-/install/bot_desc/share/bot_desc/local_setup.sh
[3.843s] -- Symlinking: /home/jungle/ros_cpp/robot-/robot-/install/bot_desc/share/bot_desc/local_setup.zsh
[3.868s] -- Symlinking: /home/jungle/ros_cpp/robot-/robot-/install/bot_desc/share/bot_desc/local_setup.dsv
[3.891s] -- Symlinking: /home/jungle/ros_cpp/robot-/robot-/install/bot_desc/share/bot_desc/package.dsv
[3.921s] -- Symlinking: /home/jungle/ros_cpp/robot-/robot-/install/bot_desc/share/ament_index/resource_index/packages/bot_desc
[3.951s] -- Symlinking: /home/jungle/ros_cpp/robot-/robot-/install/bot_desc/share/bot_desc/cmake/bot_descConfig.cmake
[3.971s] -- Symlinking: /home/jungle/ros_cpp/robot-/robot-/install/bot_desc/share/bot_desc/cmake/bot_descConfig-version.cmake
[3.991s] -- Symlinking: /home/jungle/ros_cpp/robot-/robot-/install/bot_desc/share/bot_desc/package.xml
[4.022s] Invoked command in '/home/jungle/ros_cpp/robot-/robot-/build/bot_desc' returned '0': CMAKE_PREFIX_PATH=/opt/ros/humble /usr/bin/cmake --install /home/jungle/ros_cpp/robot-/robot-/build/bot_desc
