[0.018s] Invoking command in '/home/jungle/ros_cpp/chapt6_ws/build/bot_desc': CMAKE_PREFIX_PATH=${CMAKE_PREFIX_PATH}:/opt/ros/humble /usr/bin/cmake --build /home/jungle/ros_cpp/chapt6_ws/build/bot_desc -- -j8 -l8
[0.107s] Invoked command in '/home/jungle/ros_cpp/chapt6_ws/build/bot_desc' returned '0': CMAKE_PREFIX_PATH=${CMAKE_PREFIX_PATH}:/opt/ros/humble /usr/bin/cmake --build /home/jungle/ros_cpp/chapt6_ws/build/bot_desc -- -j8 -l8
[0.129s] Invoking command in '/home/jungle/ros_cpp/chapt6_ws/build/bot_desc': CMAKE_PREFIX_PATH=${CMAKE_PREFIX_PATH}:/opt/ros/humble /usr/bin/cmake --install /home/jungle/ros_cpp/chapt6_ws/build/bot_desc
[0.145s] -- Install configuration: ""
[0.145s] -- Up-to-date: /home/jungle/ros_cpp/chapt6_ws/install/bot_desc/share/bot_desc/launch
[0.145s] -- Installing: /home/jungle/ros_cpp/chapt6_ws/install/bot_desc/share/bot_desc/launch/display_robot_launch.py
[0.145s] -- Up-to-date: /home/jungle/ros_cpp/chapt6_ws/install/bot_desc/share/bot_desc/launch/__pycache__
[0.146s] -- Installing: /home/jungle/ros_cpp/chapt6_ws/install/bot_desc/share/bot_desc/launch/__pycache__/display_robot_launch.cpython-310.pyc
[0.146s] -- Up-to-date: /home/jungle/ros_cpp/chapt6_ws/install/bot_desc/share/bot_desc/urdf
[0.147s] -- Up-to-date: /home/jungle/ros_cpp/chapt6_ws/install/bot_desc/share/bot_desc/urdf/first_robot.urdf
[0.149s] -- Up-to-date: /home/jungle/ros_cpp/chapt6_ws/install/bot_desc/share/bot_desc/urdf/first_robot.pdf
[0.149s] -- Installing: /home/jungle/ros_cpp/chapt6_ws/install/bot_desc/share/bot_desc/urdf/first_robot.xacro
[0.150s] -- Up-to-date: /home/jungle/ros_cpp/chapt6_ws/install/bot_desc/share/bot_desc/urdf/first_robot.gv
[0.150s] -- Up-to-date: /home/jungle/ros_cpp/chapt6_ws/install/bot_desc/share/bot_desc/config
[0.150s] -- Up-to-date: /home/jungle/ros_cpp/chapt6_ws/install/bot_desc/share/bot_desc/config/display_robot_model.rviz
[0.150s] -- Up-to-date: /home/jungle/ros_cpp/chapt6_ws/install/bot_desc/share/ament_index/resource_index/package_run_dependencies/bot_desc
[0.150s] -- Up-to-date: /home/jungle/ros_cpp/chapt6_ws/install/bot_desc/share/ament_index/resource_index/parent_prefix_path/bot_desc
[0.150s] -- Up-to-date: /home/jungle/ros_cpp/chapt6_ws/install/bot_desc/share/bot_desc/environment/ament_prefix_path.sh
[0.150s] -- Up-to-date: /home/jungle/ros_cpp/chapt6_ws/install/bot_desc/share/bot_desc/environment/ament_prefix_path.dsv
[0.150s] -- Up-to-date: /home/jungle/ros_cpp/chapt6_ws/install/bot_desc/share/bot_desc/environment/path.sh
[0.150s] -- Up-to-date: /home/jungle/ros_cpp/chapt6_ws/install/bot_desc/share/bot_desc/environment/path.dsv
[0.151s] -- Up-to-date: /home/jungle/ros_cpp/chapt6_ws/install/bot_desc/share/bot_desc/local_setup.bash
[0.151s] -- Up-to-date: /home/jungle/ros_cpp/chapt6_ws/install/bot_desc/share/bot_desc/local_setup.sh
[0.151s] -- Up-to-date: /home/jungle/ros_cpp/chapt6_ws/install/bot_desc/share/bot_desc/local_setup.zsh
[0.151s] -- Up-to-date: /home/jungle/ros_cpp/chapt6_ws/install/bot_desc/share/bot_desc/local_setup.dsv
[0.151s] -- Installing: /home/jungle/ros_cpp/chapt6_ws/install/bot_desc/share/bot_desc/package.dsv
[0.151s] -- Up-to-date: /home/jungle/ros_cpp/chapt6_ws/install/bot_desc/share/ament_index/resource_index/packages/bot_desc
[0.151s] -- Up-to-date: /home/jungle/ros_cpp/chapt6_ws/install/bot_desc/share/bot_desc/cmake/bot_descConfig.cmake
[0.151s] -- Up-to-date: /home/jungle/ros_cpp/chapt6_ws/install/bot_desc/share/bot_desc/cmake/bot_descConfig-version.cmake
[0.151s] -- Up-to-date: /home/jungle/ros_cpp/chapt6_ws/install/bot_desc/share/bot_desc/package.xml
[0.158s] Invoked command in '/home/jungle/ros_cpp/chapt6_ws/build/bot_desc' returned '0': CMAKE_PREFIX_PATH=${CMAKE_PREFIX_PATH}:/opt/ros/humble /usr/bin/cmake --install /home/jungle/ros_cpp/chapt6_ws/build/bot_desc
