[0.018s] Invoking command in '/home/jungle/ros_cpp/chapt6_ws/build/bot_desc': CMAKE_PREFIX_PATH=${CMAKE_PREFIX_PATH}:/opt/ros/humble /usr/bin/cmake /home/jungle/ros_cpp/chapt6_ws/src/bot_desc -DCMAKE_INSTALL_PREFIX=/home/jungle/ros_cpp/chapt6_ws/install/bot_desc
[0.264s] -- The C compiler identification is GNU 11.4.0
[0.491s] -- The CXX compiler identification is GNU 11.4.0
[0.504s] -- Detecting C compiler ABI info
[0.678s] -- Detecting C compiler ABI info - done
[0.691s] -- Check for working C compiler: /usr/bin/cc - skipped
[0.691s] -- Detecting C compile features
[0.691s] -- Detecting C compile features - done
[0.696s] -- Detecting CXX compiler ABI info
[0.861s] -- Detecting CXX compiler ABI info - done
[0.875s] -- Check for working CXX compiler: /usr/bin/c++ - skipped
[0.875s] -- Detecting CXX compile features
[0.877s] -- Detecting CXX compile features - done
[0.882s] -- Found ament_cmake: 1.3.13 (/opt/ros/humble/share/ament_cmake/cmake)
[1.223s] -- Found Python3: /usr/bin/python3 (found version "3.10.12") found components: Interpreter 
[1.379s] -- Found ament_lint_auto: 0.12.15 (/opt/ros/humble/share/ament_lint_auto/cmake)
[1.524s] -- Added test 'flake8' to check Python code syntax and style conventions
[1.528s] -- Added test 'lint_cmake' to check CMake code style
[1.530s] -- Added test 'pep257' to check Python code against some of the docstring style conventions in PEP 257
[1.531s] -- Added test 'xmllint' to check XML markup files
[1.536s] -- Configuring done
[1.542s] -- Generating done
[1.547s] -- Build files have been written to: /home/jungle/ros_cpp/chapt6_ws/build/bot_desc
[1.558s] Invoked command in '/home/jungle/ros_cpp/chapt6_ws/build/bot_desc' returned '0': CMAKE_PREFIX_PATH=${CMAKE_PREFIX_PATH}:/opt/ros/humble /usr/bin/cmake /home/jungle/ros_cpp/chapt6_ws/src/bot_desc -DCMAKE_INSTALL_PREFIX=/home/jungle/ros_cpp/chapt6_ws/install/bot_desc
[1.559s] Invoking command in '/home/jungle/ros_cpp/chapt6_ws/build/bot_desc': CMAKE_PREFIX_PATH=${CMAKE_PREFIX_PATH}:/opt/ros/humble /usr/bin/cmake --build /home/jungle/ros_cpp/chapt6_ws/build/bot_desc -- -j8 -l8
[1.619s] Invoked command in '/home/jungle/ros_cpp/chapt6_ws/build/bot_desc' returned '0': CMAKE_PREFIX_PATH=${CMAKE_PREFIX_PATH}:/opt/ros/humble /usr/bin/cmake --build /home/jungle/ros_cpp/chapt6_ws/build/bot_desc -- -j8 -l8
[1.642s] Invoking command in '/home/jungle/ros_cpp/chapt6_ws/build/bot_desc': CMAKE_PREFIX_PATH=${CMAKE_PREFIX_PATH}:/opt/ros/humble /usr/bin/cmake --install /home/jungle/ros_cpp/chapt6_ws/build/bot_desc
[1.652s] -- Install configuration: ""
[1.652s] -- Installing: /home/jungle/ros_cpp/chapt6_ws/install/bot_desc/share/bot_desc/launch
[1.653s] -- Installing: /home/jungle/ros_cpp/chapt6_ws/install/bot_desc/share/bot_desc/launch/display_robot_launch.py
[1.653s] -- Installing: /home/jungle/ros_cpp/chapt6_ws/install/bot_desc/share/bot_desc/launch/__pycache__
[1.653s] -- Installing: /home/jungle/ros_cpp/chapt6_ws/install/bot_desc/share/bot_desc/launch/__pycache__/display_robot_launch.cpython-310.pyc
[1.653s] -- Installing: /home/jungle/ros_cpp/chapt6_ws/install/bot_desc/share/bot_desc/urdf
[1.653s] -- Installing: /home/jungle/ros_cpp/chapt6_ws/install/bot_desc/share/bot_desc/urdf/first_robot.urdf
[1.653s] -- Installing: /home/jungle/ros_cpp/chapt6_ws/install/bot_desc/share/bot_desc/urdf/first_robot.pdf
[1.653s] -- Installing: /home/jungle/ros_cpp/chapt6_ws/install/bot_desc/share/bot_desc/urdf/first_robot.xacro
[1.653s] -- Installing: /home/jungle/ros_cpp/chapt6_ws/install/bot_desc/share/bot_desc/urdf/mybot
[1.653s] -- Installing: /home/jungle/ros_cpp/chapt6_ws/install/bot_desc/share/bot_desc/urdf/mybot/labot.urdf.xacro
[1.657s] -- Installing: /home/jungle/ros_cpp/chapt6_ws/install/bot_desc/share/bot_desc/urdf/mybot/actor
[1.658s] -- Installing: /home/jungle/ros_cpp/chapt6_ws/install/bot_desc/share/bot_desc/urdf/mybot/actor/caster.urdf.xacro
[1.658s] -- Installing: /home/jungle/ros_cpp/chapt6_ws/install/bot_desc/share/bot_desc/urdf/mybot/actor/wheel.urdf.xacro
[1.658s] -- Installing: /home/jungle/ros_cpp/chapt6_ws/install/bot_desc/share/bot_desc/urdf/mybot/base.urdf.xacro
[1.658s] -- Installing: /home/jungle/ros_cpp/chapt6_ws/install/bot_desc/share/bot_desc/urdf/mybot/sensor
[1.658s] -- Installing: /home/jungle/ros_cpp/chapt6_ws/install/bot_desc/share/bot_desc/urdf/mybot/sensor/laser.urdf.xacro
[1.658s] -- Installing: /home/jungle/ros_cpp/chapt6_ws/install/bot_desc/share/bot_desc/urdf/mybot/sensor/camera.urdf.xacro
[1.658s] -- Installing: /home/jungle/ros_cpp/chapt6_ws/install/bot_desc/share/bot_desc/urdf/mybot/sensor/imu.urdf.xacro
[1.658s] -- Installing: /home/jungle/ros_cpp/chapt6_ws/install/bot_desc/share/bot_desc/urdf/mybot/common_inertia.xacro
[1.658s] -- Installing: /home/jungle/ros_cpp/chapt6_ws/install/bot_desc/share/bot_desc/urdf/first_robot.gv
[1.658s] -- Installing: /home/jungle/ros_cpp/chapt6_ws/install/bot_desc/share/bot_desc/config
[1.660s] -- Installing: /home/jungle/ros_cpp/chapt6_ws/install/bot_desc/share/bot_desc/config/display_robot_model.rviz
[1.660s] -- Installing: /home/jungle/ros_cpp/chapt6_ws/install/bot_desc/share/ament_index/resource_index/package_run_dependencies/bot_desc
[1.660s] -- Installing: /home/jungle/ros_cpp/chapt6_ws/install/bot_desc/share/ament_index/resource_index/parent_prefix_path/bot_desc
[1.661s] -- Installing: /home/jungle/ros_cpp/chapt6_ws/install/bot_desc/share/bot_desc/environment/ament_prefix_path.sh
[1.661s] -- Installing: /home/jungle/ros_cpp/chapt6_ws/install/bot_desc/share/bot_desc/environment/ament_prefix_path.dsv
[1.662s] -- Installing: /home/jungle/ros_cpp/chapt6_ws/install/bot_desc/share/bot_desc/environment/path.sh
[1.662s] -- Installing: /home/jungle/ros_cpp/chapt6_ws/install/bot_desc/share/bot_desc/environment/path.dsv
[1.662s] -- Installing: /home/jungle/ros_cpp/chapt6_ws/install/bot_desc/share/bot_desc/local_setup.bash
[1.662s] -- Installing: /home/jungle/ros_cpp/chapt6_ws/install/bot_desc/share/bot_desc/local_setup.sh
[1.662s] -- Installing: /home/jungle/ros_cpp/chapt6_ws/install/bot_desc/share/bot_desc/local_setup.zsh
[1.664s] -- Installing: /home/jungle/ros_cpp/chapt6_ws/install/bot_desc/share/bot_desc/local_setup.dsv
[1.664s] -- Installing: /home/jungle/ros_cpp/chapt6_ws/install/bot_desc/share/bot_desc/package.dsv
[1.665s] -- Installing: /home/jungle/ros_cpp/chapt6_ws/install/bot_desc/share/ament_index/resource_index/packages/bot_desc
[1.665s] -- Installing: /home/jungle/ros_cpp/chapt6_ws/install/bot_desc/share/bot_desc/cmake/bot_descConfig.cmake
[1.665s] -- Installing: /home/jungle/ros_cpp/chapt6_ws/install/bot_desc/share/bot_desc/cmake/bot_descConfig-version.cmake
[1.665s] -- Installing: /home/jungle/ros_cpp/chapt6_ws/install/bot_desc/share/bot_desc/package.xml
[1.671s] Invoked command in '/home/jungle/ros_cpp/chapt6_ws/build/bot_desc' returned '0': CMAKE_PREFIX_PATH=${CMAKE_PREFIX_PATH}:/opt/ros/humble /usr/bin/cmake --install /home/jungle/ros_cpp/chapt6_ws/build/bot_desc
