[0.008s] Invoking command in '/home/jungle/ros_cpp/robot-/build/bot_desc': CMAKE_PREFIX_PATH=/opt/ros/humble /usr/bin/cmake /home/jungle/ros_cpp/robot-/src/bot_desc -DAMENT_CMAKE_SYMLINK_INSTALL=1 -DCMAKE_INSTALL_PREFIX=/home/jungle/ros_cpp/robot-/install/bot_desc
[0.027s] -- Found ament_cmake: 1.3.13 (/opt/ros/humble/share/ament_cmake/cmake)
[0.137s] -- Override CMake install command with custom implementation using symlinks instead of copying resources
[0.166s] -- Found ament_lint_auto: 0.12.15 (/opt/ros/humble/share/ament_lint_auto/cmake)
[0.236s] -- Added test 'flake8' to check Python code syntax and style conventions
[0.236s] -- Added test 'lint_cmake' to check CMake code style
[0.237s] -- Added test 'pep257' to check Python code against some of the docstring style conventions in PEP 257
[0.238s] -- Added test 'xmllint' to check XML markup files
[0.240s] -- Configuring done
[0.245s] -- Generating done
[0.247s] -- Build files have been written to: /home/jungle/ros_cpp/robot-/build/bot_desc
[0.250s] Invoked command in '/home/jungle/ros_cpp/robot-/build/bot_desc' returned '0': CMAKE_PREFIX_PATH=/opt/ros/humble /usr/bin/cmake /home/jungle/ros_cpp/robot-/src/bot_desc -DAMENT_CMAKE_SYMLINK_INSTALL=1 -DCMAKE_INSTALL_PREFIX=/home/jungle/ros_cpp/robot-/install/bot_desc
[0.251s] Invoking command in '/home/jungle/ros_cpp/robot-/build/bot_desc': CMAKE_PREFIX_PATH=/opt/ros/humble /usr/bin/cmake --build /home/jungle/ros_cpp/robot-/build/bot_desc -- -j8 -l8
[0.282s] Invoked command in '/home/jungle/ros_cpp/robot-/build/bot_desc' returned '0': CMAKE_PREFIX_PATH=/opt/ros/humble /usr/bin/cmake --build /home/jungle/ros_cpp/robot-/build/bot_desc -- -j8 -l8
[0.290s] Invoking command in '/home/jungle/ros_cpp/robot-/build/bot_desc': CMAKE_PREFIX_PATH=/opt/ros/humble /usr/bin/cmake --install /home/jungle/ros_cpp/robot-/build/bot_desc
[0.296s] -- Install configuration: ""
[0.297s] -- Execute custom install script
[0.297s] -- Symlinking: /home/jungle/ros_cpp/robot-/install/bot_desc/share/bot_desc/launch/__pycache__/display_robot_launch.cpython-310.pyc
[0.303s] -- Symlinking: /home/jungle/ros_cpp/robot-/install/bot_desc/share/bot_desc/launch/display_robot_launch.py
[0.316s] -- Symlinking: /home/jungle/ros_cpp/robot-/install/bot_desc/share/bot_desc/urdf/first_robot.gv
[0.323s] -- Symlinking: /home/jungle/ros_cpp/robot-/install/bot_desc/share/bot_desc/urdf/first_robot.pdf
[0.330s] -- Symlinking: /home/jungle/ros_cpp/robot-/install/bot_desc/share/bot_desc/urdf/first_robot.urdf
[0.337s] -- Symlinking: /home/jungle/ros_cpp/robot-/install/bot_desc/share/bot_desc/urdf/first_robot.xacro
[0.344s] -- Symlinking: /home/jungle/ros_cpp/robot-/install/bot_desc/share/bot_desc/urdf/mybot/actor/caster.urdf.xacro
[0.350s] -- Symlinking: /home/jungle/ros_cpp/robot-/install/bot_desc/share/bot_desc/urdf/mybot/actor/wheel.urdf.xacro
[0.357s] -- Symlinking: /home/jungle/ros_cpp/robot-/install/bot_desc/share/bot_desc/urdf/mybot/base.urdf.xacro
[0.363s] -- Symlinking: /home/jungle/ros_cpp/robot-/install/bot_desc/share/bot_desc/urdf/mybot/common_inertial.xacro
[0.370s] -- Symlinking: /home/jungle/ros_cpp/robot-/install/bot_desc/share/bot_desc/urdf/mybot/labot.urdf.xacro
[0.378s] -- Symlinking: /home/jungle/ros_cpp/robot-/install/bot_desc/share/bot_desc/urdf/mybot/sensor/camera.urdf.xacro
[0.384s] -- Symlinking: /home/jungle/ros_cpp/robot-/install/bot_desc/share/bot_desc/urdf/mybot/sensor/imu.urdf.xacro
[0.391s] -- Symlinking: /home/jungle/ros_cpp/robot-/install/bot_desc/share/bot_desc/urdf/mybot/sensor/laser.urdf.xacro
[0.397s] -- Symlinking: /home/jungle/ros_cpp/robot-/install/bot_desc/share/bot_desc/config/display_robot_model.rviz
[0.403s] -- Symlinking: /home/jungle/ros_cpp/robot-/install/bot_desc/share/ament_index/resource_index/package_run_dependencies/bot_desc
[0.410s] -- Symlinking: /home/jungle/ros_cpp/robot-/install/bot_desc/share/ament_index/resource_index/parent_prefix_path/bot_desc
[0.416s] -- Symlinking: /home/jungle/ros_cpp/robot-/install/bot_desc/share/bot_desc/environment/ament_prefix_path.sh
[0.423s] -- Symlinking: /home/jungle/ros_cpp/robot-/install/bot_desc/share/bot_desc/environment/ament_prefix_path.dsv
[0.430s] -- Symlinking: /home/jungle/ros_cpp/robot-/install/bot_desc/share/bot_desc/environment/path.sh
[0.437s] -- Symlinking: /home/jungle/ros_cpp/robot-/install/bot_desc/share/bot_desc/environment/path.dsv
[0.444s] -- Symlinking: /home/jungle/ros_cpp/robot-/install/bot_desc/share/bot_desc/local_setup.bash
[0.452s] -- Symlinking: /home/jungle/ros_cpp/robot-/install/bot_desc/share/bot_desc/local_setup.sh
[0.459s] -- Symlinking: /home/jungle/ros_cpp/robot-/install/bot_desc/share/bot_desc/local_setup.zsh
[0.465s] -- Symlinking: /home/jungle/ros_cpp/robot-/install/bot_desc/share/bot_desc/local_setup.dsv
[0.472s] -- Symlinking: /home/jungle/ros_cpp/robot-/install/bot_desc/share/bot_desc/package.dsv
[0.478s] -- Symlinking: /home/jungle/ros_cpp/robot-/install/bot_desc/share/ament_index/resource_index/packages/bot_desc
[0.485s] -- Symlinking: /home/jungle/ros_cpp/robot-/install/bot_desc/share/bot_desc/cmake/bot_descConfig.cmake
[0.491s] -- Symlinking: /home/jungle/ros_cpp/robot-/install/bot_desc/share/bot_desc/cmake/bot_descConfig-version.cmake
[0.498s] -- Symlinking: /home/jungle/ros_cpp/robot-/install/bot_desc/share/bot_desc/package.xml
[0.506s] Invoked command in '/home/jungle/ros_cpp/robot-/build/bot_desc' returned '0': CMAKE_PREFIX_PATH=/opt/ros/humble /usr/bin/cmake --install /home/jungle/ros_cpp/robot-/build/bot_desc
