[0.173s] DEBUG:colcon:Command line arguments: ['/usr/bin/colcon', 'build']
[0.173s] DEBUG:colcon:Parsed command line arguments: Namespace(log_base=None, log_level=None, verb_name='build', build_base='build', install_base='install', merge_install=False, symlink_install=False, test_result_base=None, continue_on_error=False, executor='parallel', parallel_workers=8, event_handlers=None, ignore_user_meta=False, metas=['./colcon.meta'], base_paths=['.'], packages_ignore=None, packages_ignore_regex=None, paths=None, packages_up_to=None, packages_up_to_regex=None, packages_above=None, packages_above_and_dependencies=None, packages_above_depth=None, packages_select_by_dep=None, packages_skip_by_dep=None, packages_skip_up_to=None, packages_select_build_failed=False, packages_skip_build_finished=False, packages_select_test_failures=False, packages_skip_test_passed=False, packages_select=None, packages_skip=None, packages_select_regex=None, packages_skip_regex=None, packages_start=None, packages_end=None, allow_overriding=[], cmake_args=None, cmake_target=None, cmake_target_skip_unavailable=False, cmake_clean_cache=False, cmake_clean_first=False, cmake_force_configure=False, ament_cmake_args=None, catkin_cmake_args=None, catkin_skip_building_tests=False, verb_parser=<colcon_defaults.argument_parser.defaults.DefaultArgumentsDecorator object at 0x71a775e1f280>, verb_extension=<colcon_core.verb.build.BuildVerb object at 0x71a775e1e8f0>, main=<bound method BuildVerb.main of <colcon_core.verb.build.BuildVerb object at 0x71a775e1e8f0>>)
[0.371s] Level 1:colcon.colcon_core.package_discovery:discover_packages(colcon_meta) check parameters
[0.371s] Level 1:colcon.colcon_core.package_discovery:discover_packages(recursive) check parameters
[0.371s] Level 1:colcon.colcon_core.package_discovery:discover_packages(ignore) check parameters
[0.371s] Level 1:colcon.colcon_core.package_discovery:discover_packages(path) check parameters
[0.371s] Level 1:colcon.colcon_core.package_discovery:discover_packages(colcon_meta) discover
[0.371s] Level 1:colcon.colcon_core.package_discovery:discover_packages(recursive) discover
[0.371s] INFO:colcon.colcon_core.package_discovery:Crawling recursively for packages in '/home/jungle/ros_cpp/chapt6_ws'
[0.371s] Level 1:colcon.colcon_core.package_identification:_identify(.) by extensions ['ignore', 'ignore_ament_install']
[0.372s] Level 1:colcon.colcon_core.package_identification:_identify(.) by extension 'ignore'
[0.373s] Level 1:colcon.colcon_core.package_identification:_identify(.) by extension 'ignore_ament_install'
[0.375s] Level 1:colcon.colcon_core.package_identification:_identify(.) by extensions ['colcon_pkg']
[0.376s] Level 1:colcon.colcon_core.package_identification:_identify(.) by extension 'colcon_pkg'
[0.376s] Level 1:colcon.colcon_core.package_identification:_identify(.) by extensions ['colcon_meta']
[0.376s] Level 1:colcon.colcon_core.package_identification:_identify(.) by extension 'colcon_meta'
[0.376s] Level 1:colcon.colcon_core.package_identification:_identify(.) by extensions ['ros']
[0.376s] Level 1:colcon.colcon_core.package_identification:_identify(.) by extension 'ros'
[0.393s] Level 1:colcon.colcon_core.package_identification:_identify(.) by extensions ['cmake', 'python']
[0.395s] Level 1:colcon.colcon_core.package_identification:_identify(.) by extension 'cmake'
[0.395s] Level 1:colcon.colcon_core.package_identification:_identify(.) by extension 'python'
[0.395s] Level 1:colcon.colcon_core.package_identification:_identify(.) by extensions ['python_setup_py']
[0.395s] Level 1:colcon.colcon_core.package_identification:_identify(.) by extension 'python_setup_py'
[0.395s] Level 1:colcon.colcon_core.package_identification:_identify(build) by extensions ['ignore', 'ignore_ament_install']
[0.396s] Level 1:colcon.colcon_core.package_identification:_identify(build) by extension 'ignore'
[0.396s] Level 1:colcon.colcon_core.package_identification:_identify(build) ignored
[0.397s] Level 1:colcon.colcon_core.package_identification:_identify(install) by extensions ['ignore', 'ignore_ament_install']
[0.397s] Level 1:colcon.colcon_core.package_identification:_identify(install) by extension 'ignore'
[0.398s] Level 1:colcon.colcon_core.package_identification:_identify(install) ignored
[0.398s] Level 1:colcon.colcon_core.package_identification:_identify(log) by extensions ['ignore', 'ignore_ament_install']
[0.398s] Level 1:colcon.colcon_core.package_identification:_identify(log) by extension 'ignore'
[0.398s] Level 1:colcon.colcon_core.package_identification:_identify(log) ignored
[0.398s] Level 1:colcon.colcon_core.package_identification:_identify(src) by extensions ['ignore', 'ignore_ament_install']
[0.398s] Level 1:colcon.colcon_core.package_identification:_identify(src) by extension 'ignore'
[0.398s] Level 1:colcon.colcon_core.package_identification:_identify(src) by extension 'ignore_ament_install'
[0.398s] Level 1:colcon.colcon_core.package_identification:_identify(src) by extensions ['colcon_pkg']
[0.398s] Level 1:colcon.colcon_core.package_identification:_identify(src) by extension 'colcon_pkg'
[0.398s] Level 1:colcon.colcon_core.package_identification:_identify(src) by extensions ['colcon_meta']
[0.398s] Level 1:colcon.colcon_core.package_identification:_identify(src) by extension 'colcon_meta'
[0.399s] Level 1:colcon.colcon_core.package_identification:_identify(src) by extensions ['ros']
[0.399s] Level 1:colcon.colcon_core.package_identification:_identify(src) by extension 'ros'
[0.399s] Level 1:colcon.colcon_core.package_identification:_identify(src) by extensions ['cmake', 'python']
[0.399s] Level 1:colcon.colcon_core.package_identification:_identify(src) by extension 'cmake'
[0.399s] Level 1:colcon.colcon_core.package_identification:_identify(src) by extension 'python'
[0.399s] Level 1:colcon.colcon_core.package_identification:_identify(src) by extensions ['python_setup_py']
[0.399s] Level 1:colcon.colcon_core.package_identification:_identify(src) by extension 'python_setup_py'
[0.399s] Level 1:colcon.colcon_core.package_identification:_identify(src/bot_desc) by extensions ['ignore', 'ignore_ament_install']
[0.399s] Level 1:colcon.colcon_core.package_identification:_identify(src/bot_desc) by extension 'ignore'
[0.399s] Level 1:colcon.colcon_core.package_identification:_identify(src/bot_desc) by extension 'ignore_ament_install'
[0.399s] Level 1:colcon.colcon_core.package_identification:_identify(src/bot_desc) by extensions ['colcon_pkg']
[0.399s] Level 1:colcon.colcon_core.package_identification:_identify(src/bot_desc) by extension 'colcon_pkg'
[0.399s] Level 1:colcon.colcon_core.package_identification:_identify(src/bot_desc) by extensions ['colcon_meta']
[0.399s] Level 1:colcon.colcon_core.package_identification:_identify(src/bot_desc) by extension 'colcon_meta'
[0.399s] Level 1:colcon.colcon_core.package_identification:_identify(src/bot_desc) by extensions ['ros']
[0.399s] Level 1:colcon.colcon_core.package_identification:_identify(src/bot_desc) by extension 'ros'
[0.402s] DEBUG:colcon.colcon_core.package_identification:Package 'src/bot_desc' with type 'ros.ament_cmake' and name 'bot_desc'
[0.402s] Level 1:colcon.colcon_core.package_discovery:discover_packages(recursive) using defaults
[0.402s] Level 1:colcon.colcon_core.package_discovery:discover_packages(ignore) discover
[0.402s] Level 1:colcon.colcon_core.package_discovery:discover_packages(ignore) using defaults
[0.402s] Level 1:colcon.colcon_core.package_discovery:discover_packages(path) discover
[0.403s] Level 1:colcon.colcon_core.package_discovery:discover_packages(path) using defaults
[0.428s] Level 1:colcon.colcon_core.package_discovery:discover_packages(prefix_path) check parameters
[0.428s] Level 1:colcon.colcon_core.package_discovery:discover_packages(prefix_path) discover
[0.430s] DEBUG:colcon.colcon_installed_package_information.package_discovery:Found 1 installed packages in /home/jungle/ros_cpp/chapt6_ws/install
[0.432s] DEBUG:colcon.colcon_installed_package_information.package_discovery:Found 275 installed packages in /opt/ros/humble
[0.435s] Level 1:colcon.colcon_core.package_discovery:discover_packages(prefix_path) using defaults
[0.496s] Level 5:colcon.colcon_core.verb:set package 'bot_desc' build argument 'cmake_args' from command line to 'None'
[0.496s] Level 5:colcon.colcon_core.verb:set package 'bot_desc' build argument 'cmake_target' from command line to 'None'
[0.496s] Level 5:colcon.colcon_core.verb:set package 'bot_desc' build argument 'cmake_target_skip_unavailable' from command line to 'False'
[0.496s] Level 5:colcon.colcon_core.verb:set package 'bot_desc' build argument 'cmake_clean_cache' from command line to 'False'
[0.496s] Level 5:colcon.colcon_core.verb:set package 'bot_desc' build argument 'cmake_clean_first' from command line to 'False'
[0.496s] Level 5:colcon.colcon_core.verb:set package 'bot_desc' build argument 'cmake_force_configure' from command line to 'False'
[0.496s] Level 5:colcon.colcon_core.verb:set package 'bot_desc' build argument 'ament_cmake_args' from command line to 'None'
[0.496s] Level 5:colcon.colcon_core.verb:set package 'bot_desc' build argument 'catkin_cmake_args' from command line to 'None'
[0.496s] Level 5:colcon.colcon_core.verb:set package 'bot_desc' build argument 'catkin_skip_building_tests' from command line to 'False'
[0.497s] DEBUG:colcon.colcon_core.verb:Building package 'bot_desc' with the following arguments: {'ament_cmake_args': None, 'build_base': '/home/jungle/ros_cpp/chapt6_ws/build/bot_desc', 'catkin_cmake_args': None, 'catkin_skip_building_tests': False, 'cmake_args': None, 'cmake_clean_cache': False, 'cmake_clean_first': False, 'cmake_force_configure': False, 'cmake_target': None, 'cmake_target_skip_unavailable': False, 'install_base': '/home/jungle/ros_cpp/chapt6_ws/install/bot_desc', 'merge_install': False, 'path': '/home/jungle/ros_cpp/chapt6_ws/src/bot_desc', 'symlink_install': False, 'test_result_base': None}
[0.497s] INFO:colcon.colcon_core.executor:Executing jobs using 'parallel' executor
[0.500s] DEBUG:colcon.colcon_parallel_executor.executor.parallel:run_until_complete
[0.501s] INFO:colcon.colcon_ros.task.ament_cmake.build:Building ROS package in '/home/jungle/ros_cpp/chapt6_ws/src/bot_desc' with build type 'ament_cmake'
[0.501s] INFO:colcon.colcon_cmake.task.cmake.build:Building CMake package in '/home/jungle/ros_cpp/chapt6_ws/src/bot_desc'
[0.504s] INFO:colcon.colcon_core.plugin_system:Skipping extension 'colcon_core.shell.bat': Not used on non-Windows systems
[0.505s] INFO:colcon.colcon_core.shell:Skip shell extension 'powershell' for command environment: Not usable outside of PowerShell
[0.505s] DEBUG:colcon.colcon_core.shell:Skip shell extension 'dsv' for command environment
[0.526s] DEBUG:colcon.colcon_core.event_handler.log_command:Invoking command in '/home/jungle/ros_cpp/chapt6_ws/build/bot_desc': CMAKE_PREFIX_PATH=${CMAKE_PREFIX_PATH}:/opt/ros/humble /usr/bin/cmake --build /home/jungle/ros_cpp/chapt6_ws/build/bot_desc -- -j8 -l8
[0.591s] DEBUG:colcon.colcon_core.event_handler.log_command:Invoked command in '/home/jungle/ros_cpp/chapt6_ws/build/bot_desc' returned '0': CMAKE_PREFIX_PATH=${CMAKE_PREFIX_PATH}:/opt/ros/humble /usr/bin/cmake --build /home/jungle/ros_cpp/chapt6_ws/build/bot_desc -- -j8 -l8
[0.609s] DEBUG:colcon.colcon_core.event_handler.log_command:Invoking command in '/home/jungle/ros_cpp/chapt6_ws/build/bot_desc': CMAKE_PREFIX_PATH=${CMAKE_PREFIX_PATH}:/opt/ros/humble /usr/bin/cmake --install /home/jungle/ros_cpp/chapt6_ws/build/bot_desc
[0.629s] Level 1:colcon.colcon_core.environment:create_environment_scripts_only(bot_desc)
[0.630s] DEBUG:colcon.colcon_core.event_handler.log_command:Invoked command in '/home/jungle/ros_cpp/chapt6_ws/build/bot_desc' returned '0': CMAKE_PREFIX_PATH=${CMAKE_PREFIX_PATH}:/opt/ros/humble /usr/bin/cmake --install /home/jungle/ros_cpp/chapt6_ws/build/bot_desc
[0.634s] Level 1:colcon.colcon_core.environment:checking '/home/jungle/ros_cpp/chapt6_ws/install/bot_desc' for CMake module files
[0.634s] Level 1:colcon.colcon_core.environment:checking '/home/jungle/ros_cpp/chapt6_ws/install/bot_desc' for CMake config files
[0.635s] Level 1:colcon.colcon_core.shell:create_environment_hook('bot_desc', 'cmake_prefix_path')
[0.635s] INFO:colcon.colcon_core.shell:Creating environment hook '/home/jungle/ros_cpp/chapt6_ws/install/bot_desc/share/bot_desc/hook/cmake_prefix_path.ps1'
[0.636s] INFO:colcon.colcon_core.shell:Creating environment descriptor '/home/jungle/ros_cpp/chapt6_ws/install/bot_desc/share/bot_desc/hook/cmake_prefix_path.dsv'
[0.637s] INFO:colcon.colcon_core.shell:Creating environment hook '/home/jungle/ros_cpp/chapt6_ws/install/bot_desc/share/bot_desc/hook/cmake_prefix_path.sh'
[0.638s] Level 1:colcon.colcon_core.environment:checking '/home/jungle/ros_cpp/chapt6_ws/install/bot_desc/bin'
[0.638s] Level 1:colcon.colcon_core.environment:checking '/home/jungle/ros_cpp/chapt6_ws/install/bot_desc/lib/pkgconfig/bot_desc.pc'
[0.639s] Level 1:colcon.colcon_core.environment:checking '/home/jungle/ros_cpp/chapt6_ws/install/bot_desc/lib/python3.10/site-packages'
[0.639s] Level 1:colcon.colcon_core.environment:checking '/home/jungle/ros_cpp/chapt6_ws/install/bot_desc/bin'
[0.642s] INFO:colcon.colcon_core.shell:Creating package script '/home/jungle/ros_cpp/chapt6_ws/install/bot_desc/share/bot_desc/package.ps1'
[0.643s] INFO:colcon.colcon_core.shell:Creating package descriptor '/home/jungle/ros_cpp/chapt6_ws/install/bot_desc/share/bot_desc/package.dsv'
[0.644s] INFO:colcon.colcon_core.shell:Creating package script '/home/jungle/ros_cpp/chapt6_ws/install/bot_desc/share/bot_desc/package.sh'
[0.646s] INFO:colcon.colcon_core.shell:Creating package script '/home/jungle/ros_cpp/chapt6_ws/install/bot_desc/share/bot_desc/package.bash'
[0.648s] INFO:colcon.colcon_core.shell:Creating package script '/home/jungle/ros_cpp/chapt6_ws/install/bot_desc/share/bot_desc/package.zsh'
[0.649s] Level 1:colcon.colcon_core.environment:create_file_with_runtime_dependencies(/home/jungle/ros_cpp/chapt6_ws/install/bot_desc/share/colcon-core/packages/bot_desc)
[0.650s] Level 1:colcon.colcon_core.environment:create_environment_scripts_only(bot_desc)
[0.651s] Level 1:colcon.colcon_core.environment:checking '/home/jungle/ros_cpp/chapt6_ws/install/bot_desc' for CMake module files
[0.651s] Level 1:colcon.colcon_core.environment:checking '/home/jungle/ros_cpp/chapt6_ws/install/bot_desc' for CMake config files
[0.652s] Level 1:colcon.colcon_core.shell:create_environment_hook('bot_desc', 'cmake_prefix_path')
[0.652s] INFO:colcon.colcon_core.shell:Creating environment hook '/home/jungle/ros_cpp/chapt6_ws/install/bot_desc/share/bot_desc/hook/cmake_prefix_path.ps1'
[0.653s] INFO:colcon.colcon_core.shell:Creating environment descriptor '/home/jungle/ros_cpp/chapt6_ws/install/bot_desc/share/bot_desc/hook/cmake_prefix_path.dsv'
[0.654s] INFO:colcon.colcon_core.shell:Creating environment hook '/home/jungle/ros_cpp/chapt6_ws/install/bot_desc/share/bot_desc/hook/cmake_prefix_path.sh'
[0.655s] Level 1:colcon.colcon_core.environment:checking '/home/jungle/ros_cpp/chapt6_ws/install/bot_desc/bin'
[0.655s] Level 1:colcon.colcon_core.environment:checking '/home/jungle/ros_cpp/chapt6_ws/install/bot_desc/lib/pkgconfig/bot_desc.pc'
[0.656s] Level 1:colcon.colcon_core.environment:checking '/home/jungle/ros_cpp/chapt6_ws/install/bot_desc/lib/python3.10/site-packages'
[0.657s] Level 1:colcon.colcon_core.environment:checking '/home/jungle/ros_cpp/chapt6_ws/install/bot_desc/bin'
[0.657s] INFO:colcon.colcon_core.shell:Creating package script '/home/jungle/ros_cpp/chapt6_ws/install/bot_desc/share/bot_desc/package.ps1'
[0.662s] INFO:colcon.colcon_core.shell:Creating package descriptor '/home/jungle/ros_cpp/chapt6_ws/install/bot_desc/share/bot_desc/package.dsv'
[0.663s] INFO:colcon.colcon_core.shell:Creating package script '/home/jungle/ros_cpp/chapt6_ws/install/bot_desc/share/bot_desc/package.sh'
[0.665s] INFO:colcon.colcon_core.shell:Creating package script '/home/jungle/ros_cpp/chapt6_ws/install/bot_desc/share/bot_desc/package.bash'
[0.668s] INFO:colcon.colcon_core.shell:Creating package script '/home/jungle/ros_cpp/chapt6_ws/install/bot_desc/share/bot_desc/package.zsh'
[0.672s] Level 1:colcon.colcon_core.environment:create_file_with_runtime_dependencies(/home/jungle/ros_cpp/chapt6_ws/install/bot_desc/share/colcon-core/packages/bot_desc)
[0.672s] DEBUG:colcon.colcon_parallel_executor.executor.parallel:closing loop
[0.674s] DEBUG:colcon.colcon_parallel_executor.executor.parallel:loop closed
[0.674s] DEBUG:colcon.colcon_parallel_executor.executor.parallel:run_until_complete finished with '0'
[0.674s] DEBUG:colcon.colcon_core.event_reactor:joining thread
[0.683s] INFO:colcon.colcon_core.plugin_system:Skipping extension 'colcon_notification.desktop_notification.terminal_notifier': Not used on non-Darwin systems
[0.683s] INFO:colcon.colcon_core.plugin_system:Skipping extension 'colcon_notification.desktop_notification.win32': Not used on non-Windows systems
[0.683s] INFO:colcon.colcon_notification.desktop_notification:Sending desktop notification using 'notify2'
[0.718s] DEBUG:colcon.colcon_core.event_reactor:joined thread
[0.720s] INFO:colcon.colcon_core.shell:Creating prefix script '/home/jungle/ros_cpp/chapt6_ws/install/local_setup.ps1'
[0.721s] INFO:colcon.colcon_core.shell:Creating prefix util module '/home/jungle/ros_cpp/chapt6_ws/install/_local_setup_util_ps1.py'
[0.725s] INFO:colcon.colcon_core.shell:Creating prefix chain script '/home/jungle/ros_cpp/chapt6_ws/install/setup.ps1'
[0.728s] INFO:colcon.colcon_core.shell:Creating prefix script '/home/jungle/ros_cpp/chapt6_ws/install/local_setup.sh'
[0.729s] INFO:colcon.colcon_core.shell:Creating prefix util module '/home/jungle/ros_cpp/chapt6_ws/install/_local_setup_util_sh.py'
[0.730s] INFO:colcon.colcon_core.shell:Creating prefix chain script '/home/jungle/ros_cpp/chapt6_ws/install/setup.sh'
[0.732s] INFO:colcon.colcon_core.shell:Creating prefix script '/home/jungle/ros_cpp/chapt6_ws/install/local_setup.bash'
[0.733s] INFO:colcon.colcon_core.shell:Creating prefix chain script '/home/jungle/ros_cpp/chapt6_ws/install/setup.bash'
[0.735s] INFO:colcon.colcon_core.shell:Creating prefix script '/home/jungle/ros_cpp/chapt6_ws/install/local_setup.zsh'
[0.736s] INFO:colcon.colcon_core.shell:Creating prefix chain script '/home/jungle/ros_cpp/chapt6_ws/install/setup.zsh'
