[0.007s] Invoking command in '/home/jungle/ros_cpp/robot-/build/bot_desc': CMAKE_PREFIX_PATH=${CMAKE_PREFIX_PATH}:/opt/ros/humble /usr/bin/cmake /home/jungle/ros_cpp/robot-/src/bot_desc -DCMAKE_INSTALL_PREFIX=/home/jungle/ros_cpp/robot-/install/bot_desc
[0.155s] -- The C compiler identification is GNU 11.4.0
[0.241s] -- The CXX compiler identification is GNU 11.4.0
[0.251s] -- Detecting C compiler ABI info
[0.305s] -- Detecting C compiler ABI info - done
[0.310s] -- Check for working C compiler: /usr/bin/cc - skipped
[0.310s] -- Detecting C compile features
[0.311s] -- Detecting C compile features - done
[0.315s] -- Detecting CXX compiler ABI info
[0.375s] -- Detecting CXX compiler ABI info - done
[0.380s] -- Check for working CXX compiler: /usr/bin/c++ - skipped
[0.380s] -- Detecting CXX compile features
[0.380s] -- Detecting CXX compile features - done
[0.392s] -- Found ament_cmake: 1.3.13 (/opt/ros/humble/share/ament_cmake/cmake)
[0.500s] -- Found Python3: /usr/bin/python3 (found version "3.10.12") found components: Interpreter 
[0.587s] -- Found ament_lint_auto: 0.12.15 (/opt/ros/humble/share/ament_lint_auto/cmake)
[0.657s] -- Added test 'flake8' to check Python code syntax and style conventions
[0.657s] -- Added test 'lint_cmake' to check CMake code style
[0.658s] -- Added test 'pep257' to check Python code against some of the docstring style conventions in PEP 257
[0.660s] -- Added test 'xmllint' to check XML markup files
[0.661s] -- Configuring done
[0.662s] -- Generating done
[0.663s] -- Build files have been written to: /home/jungle/ros_cpp/robot-/build/bot_desc
[0.667s] Invoked command in '/home/jungle/ros_cpp/robot-/build/bot_desc' returned '0': CMAKE_PREFIX_PATH=${CMAKE_PREFIX_PATH}:/opt/ros/humble /usr/bin/cmake /home/jungle/ros_cpp/robot-/src/bot_desc -DCMAKE_INSTALL_PREFIX=/home/jungle/ros_cpp/robot-/install/bot_desc
[0.668s] Invoking command in '/home/jungle/ros_cpp/robot-/build/bot_desc': CMAKE_PREFIX_PATH=${CMAKE_PREFIX_PATH}:/opt/ros/humble /usr/bin/cmake --build /home/jungle/ros_cpp/robot-/build/bot_desc -- -j8 -l8
[0.695s] Invoked command in '/home/jungle/ros_cpp/robot-/build/bot_desc' returned '0': CMAKE_PREFIX_PATH=${CMAKE_PREFIX_PATH}:/opt/ros/humble /usr/bin/cmake --build /home/jungle/ros_cpp/robot-/build/bot_desc -- -j8 -l8
[0.702s] Invoking command in '/home/jungle/ros_cpp/robot-/build/bot_desc': CMAKE_PREFIX_PATH=${CMAKE_PREFIX_PATH}:/opt/ros/humble /usr/bin/cmake --install /home/jungle/ros_cpp/robot-/build/bot_desc
[0.706s] -- Install configuration: ""
[0.706s] -- Installing: /home/jungle/ros_cpp/robot-/install/bot_desc/share/bot_desc/launch
[0.706s] -- Installing: /home/jungle/ros_cpp/robot-/install/bot_desc/share/bot_desc/launch/display_robot_launch.py
[0.707s] -- Installing: /home/jungle/ros_cpp/robot-/install/bot_desc/share/bot_desc/launch/gazebo_sim.launch.py
[0.707s] -- Installing: /home/jungle/ros_cpp/robot-/install/bot_desc/share/bot_desc/launch/__pycache__
[0.707s] -- Installing: /home/jungle/ros_cpp/robot-/install/bot_desc/share/bot_desc/launch/__pycache__/display_robot_launch.cpython-310.pyc
[0.707s] -- Installing: /home/jungle/ros_cpp/robot-/install/bot_desc/share/bot_desc/urdf
[0.707s] -- Installing: /home/jungle/ros_cpp/robot-/install/bot_desc/share/bot_desc/urdf/first_robot.urdf
[0.707s] -- Installing: /home/jungle/ros_cpp/robot-/install/bot_desc/share/bot_desc/urdf/first_robot.pdf
[0.707s] -- Installing: /home/jungle/ros_cpp/robot-/install/bot_desc/share/bot_desc/urdf/first_robot.xacro
[0.707s] -- Installing: /home/jungle/ros_cpp/robot-/install/bot_desc/share/bot_desc/urdf/mybot
[0.707s] -- Installing: /home/jungle/ros_cpp/robot-/install/bot_desc/share/bot_desc/urdf/mybot/labot.urdf.xacro
[0.707s] -- Installing: /home/jungle/ros_cpp/robot-/install/bot_desc/share/bot_desc/urdf/mybot/actor
[0.707s] -- Installing: /home/jungle/ros_cpp/robot-/install/bot_desc/share/bot_desc/urdf/mybot/actor/caster.urdf.xacro
[0.707s] -- Installing: /home/jungle/ros_cpp/robot-/install/bot_desc/share/bot_desc/urdf/mybot/actor/wheel.urdf.xacro
[0.707s] -- Installing: /home/jungle/ros_cpp/robot-/install/bot_desc/share/bot_desc/urdf/mybot/base.urdf.xacro
[0.708s] -- Installing: /home/jungle/ros_cpp/robot-/install/bot_desc/share/bot_desc/urdf/mybot/sensor
[0.708s] -- Installing: /home/jungle/ros_cpp/robot-/install/bot_desc/share/bot_desc/urdf/mybot/sensor/laser.urdf.xacro
[0.709s] -- Installing: /home/jungle/ros_cpp/robot-/install/bot_desc/share/bot_desc/urdf/mybot/sensor/camera.urdf.xacro
[0.709s] -- Installing: /home/jungle/ros_cpp/robot-/install/bot_desc/share/bot_desc/urdf/mybot/sensor/imu.urdf.xacro
[0.709s] -- Installing: /home/jungle/ros_cpp/robot-/install/bot_desc/share/bot_desc/urdf/mybot/common_inertia.xacro
[0.709s] -- Installing: /home/jungle/ros_cpp/robot-/install/bot_desc/share/bot_desc/urdf/first_robot.gv
[0.709s] -- Installing: /home/jungle/ros_cpp/robot-/install/bot_desc/share/bot_desc/config
[0.709s] -- Installing: /home/jungle/ros_cpp/robot-/install/bot_desc/share/bot_desc/config/display_robot_model.rviz
[0.710s] -- Installing: /home/jungle/ros_cpp/robot-/install/bot_desc/share/bot_desc/world
[0.710s] -- Installing: /home/jungle/ros_cpp/robot-/install/bot_desc/share/bot_desc/world/custom_room.world
[0.710s] -- Installing: /home/jungle/ros_cpp/robot-/install/bot_desc/share/bot_desc/world/room
[0.710s] -- Installing: /home/jungle/ros_cpp/robot-/install/bot_desc/share/bot_desc/world/room/model.sdf
[0.710s] -- Installing: /home/jungle/ros_cpp/robot-/install/bot_desc/share/bot_desc/world/room/model.config
[0.710s] -- Installing: /home/jungle/ros_cpp/robot-/install/bot_desc/share/ament_index/resource_index/package_run_dependencies/bot_desc
[0.710s] -- Installing: /home/jungle/ros_cpp/robot-/install/bot_desc/share/ament_index/resource_index/parent_prefix_path/bot_desc
[0.710s] -- Installing: /home/jungle/ros_cpp/robot-/install/bot_desc/share/bot_desc/environment/ament_prefix_path.sh
[0.711s] -- Installing: /home/jungle/ros_cpp/robot-/install/bot_desc/share/bot_desc/environment/ament_prefix_path.dsv
[0.711s] -- Installing: /home/jungle/ros_cpp/robot-/install/bot_desc/share/bot_desc/environment/path.sh
[0.711s] -- Installing: /home/jungle/ros_cpp/robot-/install/bot_desc/share/bot_desc/environment/path.dsv
[0.711s] -- Installing: /home/jungle/ros_cpp/robot-/install/bot_desc/share/bot_desc/local_setup.bash
[0.711s] -- Installing: /home/jungle/ros_cpp/robot-/install/bot_desc/share/bot_desc/local_setup.sh
[0.711s] -- Installing: /home/jungle/ros_cpp/robot-/install/bot_desc/share/bot_desc/local_setup.zsh
[0.711s] -- Installing: /home/jungle/ros_cpp/robot-/install/bot_desc/share/bot_desc/local_setup.dsv
[0.711s] -- Installing: /home/jungle/ros_cpp/robot-/install/bot_desc/share/bot_desc/package.dsv
[0.711s] -- Installing: /home/jungle/ros_cpp/robot-/install/bot_desc/share/ament_index/resource_index/packages/bot_desc
[0.712s] -- Installing: /home/jungle/ros_cpp/robot-/install/bot_desc/share/bot_desc/cmake/bot_descConfig.cmake
[0.712s] -- Installing: /home/jungle/ros_cpp/robot-/install/bot_desc/share/bot_desc/cmake/bot_descConfig-version.cmake
[0.713s] -- Installing: /home/jungle/ros_cpp/robot-/install/bot_desc/share/bot_desc/package.xml
[0.714s] Invoked command in '/home/jungle/ros_cpp/robot-/build/bot_desc' returned '0': CMAKE_PREFIX_PATH=${CMAKE_PREFIX_PATH}:/opt/ros/humble /usr/bin/cmake --install /home/jungle/ros_cpp/robot-/build/bot_desc
