-- Install configuration: ""
-- Up-to-date: /home/jungle/ros_cpp/chapt6_ws/install/bot_desc/share/bot_desc/launch
-- Up-to-date: /home/jungle/ros_cpp/chapt6_ws/install/bot_desc/share/bot_desc/launch/display_robot_launch.py
-- Up-to-date: /home/jungle/ros_cpp/chapt6_ws/install/bot_desc/share/bot_desc/launch/__pycache__
-- Installing: /home/jungle/ros_cpp/chapt6_ws/install/bot_desc/share/bot_desc/launch/__pycache__/display_robot_launch.cpython-310.pyc
-- Up-to-date: /home/jungle/ros_cpp/chapt6_ws/install/bot_desc/share/bot_desc/urdf
-- Up-to-date: /home/jungle/ros_cpp/chapt6_ws/install/bot_desc/share/bot_desc/urdf/first_robot.urdf
-- Up-to-date: /home/jungle/ros_cpp/chapt6_ws/install/bot_desc/share/bot_desc/urdf/first_robot.pdf
-- Up-to-date: /home/jungle/ros_cpp/chapt6_ws/install/bot_desc/share/bot_desc/urdf/first_robot.xacro
-- Up-to-date: /home/jungle/ros_cpp/chapt6_ws/install/bot_desc/share/bot_desc/urdf/sensor
-- Up-to-date: /home/jungle/ros_cpp/chapt6_ws/install/bot_desc/share/bot_desc/urdf/sensor/laser.urdf.xacro
-- Up-to-date: /home/jungle/ros_cpp/chapt6_ws/install/bot_desc/share/bot_desc/urdf/mybot
-- Installing: /home/jungle/ros_cpp/chapt6_ws/install/bot_desc/share/bot_desc/urdf/mybot/labot.urdf.xacro
-- Up-to-date: /home/jungle/ros_cpp/chapt6_ws/install/bot_desc/share/bot_desc/urdf/mybot/actor
-- Installing: /home/jungle/ros_cpp/chapt6_ws/install/bot_desc/share/bot_desc/urdf/mybot/actor/caster.urdf.xacro
-- Installing: /home/jungle/ros_cpp/chapt6_ws/install/bot_desc/share/bot_desc/urdf/mybot/actor/wheel.urdf.xacro
-- Up-to-date: /home/jungle/ros_cpp/chapt6_ws/install/bot_desc/share/bot_desc/urdf/mybot/base.urdf.xacro
-- Up-to-date: /home/jungle/ros_cpp/chapt6_ws/install/bot_desc/share/bot_desc/urdf/mybot/sensor
-- Installing: /home/jungle/ros_cpp/chapt6_ws/install/bot_desc/share/bot_desc/urdf/mybot/sensor/laser.urdf.xacro
-- Installing: /home/jungle/ros_cpp/chapt6_ws/install/bot_desc/share/bot_desc/urdf/mybot/sensor/camera.urdf.xacro
-- Installing: /home/jungle/ros_cpp/chapt6_ws/install/bot_desc/share/bot_desc/urdf/mybot/sensor/imu.urdf.xacro
-- Up-to-date: /home/jungle/ros_cpp/chapt6_ws/install/bot_desc/share/bot_desc/urdf/first_robot.gv
-- Up-to-date: /home/jungle/ros_cpp/chapt6_ws/install/bot_desc/share/bot_desc/config
-- Up-to-date: /home/jungle/ros_cpp/chapt6_ws/install/bot_desc/share/bot_desc/config/display_robot_model.rviz
-- Up-to-date: /home/jungle/ros_cpp/chapt6_ws/install/bot_desc/share/ament_index/resource_index/package_run_dependencies/bot_desc
-- Up-to-date: /home/jungle/ros_cpp/chapt6_ws/install/bot_desc/share/ament_index/resource_index/parent_prefix_path/bot_desc
-- Up-to-date: /home/jungle/ros_cpp/chapt6_ws/install/bot_desc/share/bot_desc/environment/ament_prefix_path.sh
-- Up-to-date: /home/jungle/ros_cpp/chapt6_ws/install/bot_desc/share/bot_desc/environment/ament_prefix_path.dsv
-- Up-to-date: /home/jungle/ros_cpp/chapt6_ws/install/bot_desc/share/bot_desc/environment/path.sh
-- Up-to-date: /home/jungle/ros_cpp/chapt6_ws/install/bot_desc/share/bot_desc/environment/path.dsv
-- Up-to-date: /home/jungle/ros_cpp/chapt6_ws/install/bot_desc/share/bot_desc/local_setup.bash
-- Up-to-date: /home/jungle/ros_cpp/chapt6_ws/install/bot_desc/share/bot_desc/local_setup.sh
-- Up-to-date: /home/jungle/ros_cpp/chapt6_ws/install/bot_desc/share/bot_desc/local_setup.zsh
-- Up-to-date: /home/jungle/ros_cpp/chapt6_ws/install/bot_desc/share/bot_desc/local_setup.dsv
-- Installing: /home/jungle/ros_cpp/chapt6_ws/install/bot_desc/share/bot_desc/package.dsv
-- Up-to-date: /home/jungle/ros_cpp/chapt6_ws/install/bot_desc/share/ament_index/resource_index/packages/bot_desc
-- Up-to-date: /home/jungle/ros_cpp/chapt6_ws/install/bot_desc/share/bot_desc/cmake/bot_descConfig.cmake
-- Up-to-date: /home/jungle/ros_cpp/chapt6_ws/install/bot_desc/share/bot_desc/cmake/bot_descConfig-version.cmake
-- Up-to-date: /home/jungle/ros_cpp/chapt6_ws/install/bot_desc/share/bot_desc/package.xml
