[0.024s] Invoking command in '/home/jungle/ros_cpp/robot-/build/bot_desc': CMAKE_PREFIX_PATH=${CMAKE_PREFIX_PATH}:/opt/ros/humble /usr/bin/cmake --build /home/jungle/ros_cpp/robot-/build/bot_desc -- -j8 -l8
[0.140s] Invoked command in '/home/jungle/ros_cpp/robot-/build/bot_desc' returned '0': CMAKE_PREFIX_PATH=${CMAKE_PREFIX_PATH}:/opt/ros/humble /usr/bin/cmake --build /home/jungle/ros_cpp/robot-/build/bot_desc -- -j8 -l8
[0.167s] Invoking command in '/home/jungle/ros_cpp/robot-/build/bot_desc': CMAKE_PREFIX_PATH=${CMAKE_PREFIX_PATH}:/opt/ros/humble /usr/bin/cmake --install /home/jungle/ros_cpp/robot-/build/bot_desc
[0.188s] -- Install configuration: ""
[0.189s] -- Up-to-date: /home/jungle/ros_cpp/robot-/install/bot_desc/share/bot_desc/launch
[0.189s] -- Up-to-date: /home/jungle/ros_cpp/robot-/install/bot_desc/share/bot_desc/launch/display_robot_launch.py
[0.189s] -- Up-to-date: /home/jungle/ros_cpp/robot-/install/bot_desc/share/bot_desc/launch/gazebo_sim.launch.py
[0.189s] -- Up-to-date: /home/jungle/ros_cpp/robot-/install/bot_desc/share/bot_desc/launch/__pycache__
[0.190s] -- Up-to-date: /home/jungle/ros_cpp/robot-/install/bot_desc/share/bot_desc/launch/__pycache__/display_robot_launch.cpython-310.pyc
[0.190s] -- Up-to-date: /home/jungle/ros_cpp/robot-/install/bot_desc/share/bot_desc/urdf
[0.190s] -- Up-to-date: /home/jungle/ros_cpp/robot-/install/bot_desc/share/bot_desc/urdf/first_robot.urdf
[0.190s] -- Up-to-date: /home/jungle/ros_cpp/robot-/install/bot_desc/share/bot_desc/urdf/first_robot.pdf
[0.191s] -- Up-to-date: /home/jungle/ros_cpp/robot-/install/bot_desc/share/bot_desc/urdf/first_robot.xacro
[0.191s] -- Up-to-date: /home/jungle/ros_cpp/robot-/install/bot_desc/share/bot_desc/urdf/mybot
[0.192s] -- Up-to-date: /home/jungle/ros_cpp/robot-/install/bot_desc/share/bot_desc/urdf/mybot/labot.urdf.xacro
[0.192s] -- Up-to-date: /home/jungle/ros_cpp/robot-/install/bot_desc/share/bot_desc/urdf/mybot/actor
[0.192s] -- Up-to-date: /home/jungle/ros_cpp/robot-/install/bot_desc/share/bot_desc/urdf/mybot/actor/caster.urdf.xacro
[0.192s] -- Up-to-date: /home/jungle/ros_cpp/robot-/install/bot_desc/share/bot_desc/urdf/mybot/actor/wheel.urdf.xacro
[0.192s] -- Up-to-date: /home/jungle/ros_cpp/robot-/install/bot_desc/share/bot_desc/urdf/mybot/base.urdf.xacro
[0.193s] -- Installing: /home/jungle/ros_cpp/robot-/install/bot_desc/share/bot_desc/urdf/mybot/mybot_ros2_control.xacro
[0.193s] -- Up-to-date: /home/jungle/ros_cpp/robot-/install/bot_desc/share/bot_desc/urdf/mybot/plugins
[0.193s] -- Up-to-date: /home/jungle/ros_cpp/robot-/install/bot_desc/share/bot_desc/urdf/mybot/plugins/gazebo_control_plugin.xacro
[0.193s] -- Up-to-date: /home/jungle/ros_cpp/robot-/install/bot_desc/share/bot_desc/urdf/mybot/plugins/gazebo_sensor_plugin.xacro
[0.194s] -- Up-to-date: /home/jungle/ros_cpp/robot-/install/bot_desc/share/bot_desc/urdf/mybot/sensor
[0.194s] -- Up-to-date: /home/jungle/ros_cpp/robot-/install/bot_desc/share/bot_desc/urdf/mybot/sensor/laser.urdf.xacro
[0.194s] -- Up-to-date: /home/jungle/ros_cpp/robot-/install/bot_desc/share/bot_desc/urdf/mybot/sensor/camera.urdf.xacro
[0.194s] -- Up-to-date: /home/jungle/ros_cpp/robot-/install/bot_desc/share/bot_desc/urdf/mybot/sensor/imu.urdf.xacro
[0.194s] -- Up-to-date: /home/jungle/ros_cpp/robot-/install/bot_desc/share/bot_desc/urdf/mybot/common_inertia.xacro
[0.195s] -- Up-to-date: /home/jungle/ros_cpp/robot-/install/bot_desc/share/bot_desc/urdf/first_robot.gv
[0.195s] -- Up-to-date: /home/jungle/ros_cpp/robot-/install/bot_desc/share/bot_desc/config
[0.195s] -- Up-to-date: /home/jungle/ros_cpp/robot-/install/bot_desc/share/bot_desc/config/display_robot_model.rviz
[0.195s] -- Up-to-date: /home/jungle/ros_cpp/robot-/install/bot_desc/share/bot_desc/config/mybot_ros2_controller.yaml
[0.195s] -- Up-to-date: /home/jungle/ros_cpp/robot-/install/bot_desc/share/bot_desc/world
[0.195s] -- Up-to-date: /home/jungle/ros_cpp/robot-/install/bot_desc/share/bot_desc/world/custom_room.world
[0.196s] -- Up-to-date: /home/jungle/ros_cpp/robot-/install/bot_desc/share/bot_desc/world/room
[0.196s] -- Up-to-date: /home/jungle/ros_cpp/robot-/install/bot_desc/share/bot_desc/world/room/model.sdf
[0.197s] -- Up-to-date: /home/jungle/ros_cpp/robot-/install/bot_desc/share/bot_desc/world/room/model.config
[0.198s] -- Up-to-date: /home/jungle/ros_cpp/robot-/install/bot_desc/share/ament_index/resource_index/package_run_dependencies/bot_desc
[0.202s] -- Up-to-date: /home/jungle/ros_cpp/robot-/install/bot_desc/share/ament_index/resource_index/parent_prefix_path/bot_desc
[0.203s] -- Up-to-date: /home/jungle/ros_cpp/robot-/install/bot_desc/share/bot_desc/environment/ament_prefix_path.sh
[0.203s] -- Up-to-date: /home/jungle/ros_cpp/robot-/install/bot_desc/share/bot_desc/environment/ament_prefix_path.dsv
[0.205s] -- Up-to-date: /home/jungle/ros_cpp/robot-/install/bot_desc/share/bot_desc/environment/path.sh
[0.205s] -- Up-to-date: /home/jungle/ros_cpp/robot-/install/bot_desc/share/bot_desc/environment/path.dsv
[0.207s] -- Up-to-date: /home/jungle/ros_cpp/robot-/install/bot_desc/share/bot_desc/local_setup.bash
[0.208s] -- Up-to-date: /home/jungle/ros_cpp/robot-/install/bot_desc/share/bot_desc/local_setup.sh
[0.208s] -- Up-to-date: /home/jungle/ros_cpp/robot-/install/bot_desc/share/bot_desc/local_setup.zsh
[0.209s] -- Up-to-date: /home/jungle/ros_cpp/robot-/install/bot_desc/share/bot_desc/local_setup.dsv
[0.209s] -- Installing: /home/jungle/ros_cpp/robot-/install/bot_desc/share/bot_desc/package.dsv
[0.209s] -- Up-to-date: /home/jungle/ros_cpp/robot-/install/bot_desc/share/ament_index/resource_index/packages/bot_desc
[0.210s] -- Up-to-date: /home/jungle/ros_cpp/robot-/install/bot_desc/share/bot_desc/cmake/bot_descConfig.cmake
[0.210s] -- Up-to-date: /home/jungle/ros_cpp/robot-/install/bot_desc/share/bot_desc/cmake/bot_descConfig-version.cmake
[0.210s] -- Up-to-date: /home/jungle/ros_cpp/robot-/install/bot_desc/share/bot_desc/package.xml
[0.211s] Invoked command in '/home/jungle/ros_cpp/robot-/build/bot_desc' returned '0': CMAKE_PREFIX_PATH=${CMAKE_PREFIX_PATH}:/opt/ros/humble /usr/bin/cmake --install /home/jungle/ros_cpp/robot-/build/bot_desc
