[0.016s] Invoking command in '/home/jungle/ros_cpp/robot-/build/bot_desc': CMAKE_PREFIX_PATH=${CMAKE_PREFIX_PATH}:/opt/ros/humble /usr/bin/cmake /home/jungle/ros_cpp/robot-/src/bot_desc -DCMAKE_INSTALL_PREFIX=/home/jungle/ros_cpp/robot-/install/bot_desc
[0.246s] -- The C compiler identification is GNU 11.4.0
[0.503s] -- The CXX compiler identification is GNU 11.4.0
[0.524s] -- Detecting C compiler ABI info
[0.771s] -- Detecting C compiler ABI info - done
[0.777s] -- Check for working C compiler: /usr/bin/cc - skipped
[0.780s] -- Detecting C compile features
[0.785s] -- Detecting C compile features - done
[0.794s] -- Detecting CXX compiler ABI info
[1.012s] -- Detecting CXX compiler ABI info - done
[1.018s] -- Check for working CXX compiler: /usr/bin/c++ - skipped
[1.019s] -- Detecting CXX compile features
[1.019s] -- Detecting CXX compile features - done
[1.048s] -- Found ament_cmake: 1.3.13 (/opt/ros/humble/share/ament_cmake/cmake)
[1.274s] -- Found Python3: /usr/bin/python3 (found version "3.10.12") found components: Interpreter 
[1.401s] -- Found ament_lint_auto: 0.12.15 (/opt/ros/humble/share/ament_lint_auto/cmake)
[1.507s] -- Added test 'flake8' to check Python code syntax and style conventions
[1.509s] -- Added test 'lint_cmake' to check CMake code style
[1.511s] -- Added test 'pep257' to check Python code against some of the docstring style conventions in PEP 257
[1.519s] -- Added test 'xmllint' to check XML markup files
[1.521s] -- Configuring done
[1.528s] -- Generating done
[1.530s] -- Build files have been written to: /home/jungle/ros_cpp/robot-/build/bot_desc
[1.540s] Invoked command in '/home/jungle/ros_cpp/robot-/build/bot_desc' returned '0': CMAKE_PREFIX_PATH=${CMAKE_PREFIX_PATH}:/opt/ros/humble /usr/bin/cmake /home/jungle/ros_cpp/robot-/src/bot_desc -DCMAKE_INSTALL_PREFIX=/home/jungle/ros_cpp/robot-/install/bot_desc
[1.542s] Invoking command in '/home/jungle/ros_cpp/robot-/build/bot_desc': CMAKE_PREFIX_PATH=${CMAKE_PREFIX_PATH}:/opt/ros/humble /usr/bin/cmake --build /home/jungle/ros_cpp/robot-/build/bot_desc -- -j8 -l8
[1.639s] Invoked command in '/home/jungle/ros_cpp/robot-/build/bot_desc' returned '0': CMAKE_PREFIX_PATH=${CMAKE_PREFIX_PATH}:/opt/ros/humble /usr/bin/cmake --build /home/jungle/ros_cpp/robot-/build/bot_desc -- -j8 -l8
[1.664s] Invoking command in '/home/jungle/ros_cpp/robot-/build/bot_desc': CMAKE_PREFIX_PATH=${CMAKE_PREFIX_PATH}:/opt/ros/humble /usr/bin/cmake --install /home/jungle/ros_cpp/robot-/build/bot_desc
[1.682s] -- Install configuration: ""
[1.682s] -- Installing: /home/jungle/ros_cpp/robot-/install/bot_desc/share/bot_desc/launch
[1.683s] -- Installing: /home/jungle/ros_cpp/robot-/install/bot_desc/share/bot_desc/launch/display_robot_launch.py
[1.683s] -- Installing: /home/jungle/ros_cpp/robot-/install/bot_desc/share/bot_desc/launch/gazebo_sim.launch.py
[1.684s] -- Installing: /home/jungle/ros_cpp/robot-/install/bot_desc/share/bot_desc/launch/__pycache__
[1.685s] -- Installing: /home/jungle/ros_cpp/robot-/install/bot_desc/share/bot_desc/launch/__pycache__/display_robot_launch.cpython-310.pyc
[1.686s] -- Installing: /home/jungle/ros_cpp/robot-/install/bot_desc/share/bot_desc/urdf
[1.686s] -- Installing: /home/jungle/ros_cpp/robot-/install/bot_desc/share/bot_desc/urdf/first_robot.urdf
[1.687s] -- Installing: /home/jungle/ros_cpp/robot-/install/bot_desc/share/bot_desc/urdf/first_robot.pdf
[1.688s] -- Installing: /home/jungle/ros_cpp/robot-/install/bot_desc/share/bot_desc/urdf/first_robot.xacro
[1.689s] -- Installing: /home/jungle/ros_cpp/robot-/install/bot_desc/share/bot_desc/urdf/mybot
[1.689s] -- Installing: /home/jungle/ros_cpp/robot-/install/bot_desc/share/bot_desc/urdf/mybot/labot.urdf.xacro
[1.689s] -- Installing: /home/jungle/ros_cpp/robot-/install/bot_desc/share/bot_desc/urdf/mybot/actor
[1.690s] -- Installing: /home/jungle/ros_cpp/robot-/install/bot_desc/share/bot_desc/urdf/mybot/actor/caster.urdf.xacro
[1.690s] -- Installing: /home/jungle/ros_cpp/robot-/install/bot_desc/share/bot_desc/urdf/mybot/actor/wheel.urdf.xacro
[1.691s] -- Installing: /home/jungle/ros_cpp/robot-/install/bot_desc/share/bot_desc/urdf/mybot/base.urdf.xacro
[1.691s] -- Installing: /home/jungle/ros_cpp/robot-/install/bot_desc/share/bot_desc/urdf/mybot/mybot_ros2_control.xacro
[1.691s] -- Installing: /home/jungle/ros_cpp/robot-/install/bot_desc/share/bot_desc/urdf/mybot/plugins
[1.691s] -- Installing: /home/jungle/ros_cpp/robot-/install/bot_desc/share/bot_desc/urdf/mybot/plugins/gazebo_control_plugin.xacro
[1.692s] -- Installing: /home/jungle/ros_cpp/robot-/install/bot_desc/share/bot_desc/urdf/mybot/plugins/gazebo_sensor_plugin.xacro
[1.692s] -- Installing: /home/jungle/ros_cpp/robot-/install/bot_desc/share/bot_desc/urdf/mybot/sensor
[1.692s] -- Installing: /home/jungle/ros_cpp/robot-/install/bot_desc/share/bot_desc/urdf/mybot/sensor/laser.urdf.xacro
[1.693s] -- Installing: /home/jungle/ros_cpp/robot-/install/bot_desc/share/bot_desc/urdf/mybot/sensor/camera.urdf.xacro
[1.693s] -- Installing: /home/jungle/ros_cpp/robot-/install/bot_desc/share/bot_desc/urdf/mybot/sensor/imu.urdf.xacro
[1.693s] -- Installing: /home/jungle/ros_cpp/robot-/install/bot_desc/share/bot_desc/urdf/mybot/common_inertia.xacro
[1.693s] -- Installing: /home/jungle/ros_cpp/robot-/install/bot_desc/share/bot_desc/urdf/first_robot.gv
[1.694s] -- Installing: /home/jungle/ros_cpp/robot-/install/bot_desc/share/bot_desc/config
[1.695s] -- Installing: /home/jungle/ros_cpp/robot-/install/bot_desc/share/bot_desc/config/display_robot_model.rviz
[1.696s] -- Installing: /home/jungle/ros_cpp/robot-/install/bot_desc/share/bot_desc/config/mybot_ros2_controller.yaml
[1.696s] -- Installing: /home/jungle/ros_cpp/robot-/install/bot_desc/share/bot_desc/world
[1.696s] -- Installing: /home/jungle/ros_cpp/robot-/install/bot_desc/share/bot_desc/world/custom_room.world
[1.696s] -- Installing: /home/jungle/ros_cpp/robot-/install/bot_desc/share/bot_desc/world/room
[1.697s] -- Installing: /home/jungle/ros_cpp/robot-/install/bot_desc/share/bot_desc/world/room/model.sdf
[1.697s] -- Installing: /home/jungle/ros_cpp/robot-/install/bot_desc/share/bot_desc/world/room/model.config
[1.698s] -- Installing: /home/jungle/ros_cpp/robot-/install/bot_desc/share/ament_index/resource_index/package_run_dependencies/bot_desc
[1.698s] -- Installing: /home/jungle/ros_cpp/robot-/install/bot_desc/share/ament_index/resource_index/parent_prefix_path/bot_desc
[1.699s] -- Installing: /home/jungle/ros_cpp/robot-/install/bot_desc/share/bot_desc/environment/ament_prefix_path.sh
[1.699s] -- Installing: /home/jungle/ros_cpp/robot-/install/bot_desc/share/bot_desc/environment/ament_prefix_path.dsv
[1.699s] -- Installing: /home/jungle/ros_cpp/robot-/install/bot_desc/share/bot_desc/environment/path.sh
[1.700s] -- Installing: /home/jungle/ros_cpp/robot-/install/bot_desc/share/bot_desc/environment/path.dsv
[1.700s] -- Installing: /home/jungle/ros_cpp/robot-/install/bot_desc/share/bot_desc/local_setup.bash
[1.700s] -- Installing: /home/jungle/ros_cpp/robot-/install/bot_desc/share/bot_desc/local_setup.sh
[1.701s] -- Installing: /home/jungle/ros_cpp/robot-/install/bot_desc/share/bot_desc/local_setup.zsh
[1.701s] -- Installing: /home/jungle/ros_cpp/robot-/install/bot_desc/share/bot_desc/local_setup.dsv
[1.701s] -- Installing: /home/jungle/ros_cpp/robot-/install/bot_desc/share/bot_desc/package.dsv
[1.701s] -- Installing: /home/jungle/ros_cpp/robot-/install/bot_desc/share/ament_index/resource_index/packages/bot_desc
[1.702s] -- Installing: /home/jungle/ros_cpp/robot-/install/bot_desc/share/bot_desc/cmake/bot_descConfig.cmake
[1.702s] -- Installing: /home/jungle/ros_cpp/robot-/install/bot_desc/share/bot_desc/cmake/bot_descConfig-version.cmake
[1.702s] -- Installing: /home/jungle/ros_cpp/robot-/install/bot_desc/share/bot_desc/package.xml
[1.709s] Invoked command in '/home/jungle/ros_cpp/robot-/build/bot_desc' returned '0': CMAKE_PREFIX_PATH=${CMAKE_PREFIX_PATH}:/opt/ros/humble /usr/bin/cmake --install /home/jungle/ros_cpp/robot-/build/bot_desc
