[0.018s] Invoking command in '/home/jungle/ros_cpp/chapt6_ws/build/bot_desc': CMAKE_PREFIX_PATH=${CMAKE_PREFIX_PATH}:/opt/ros/humble /usr/bin/cmake --build /home/jungle/ros_cpp/chapt6_ws/build/bot_desc -- -j8 -l8
[0.082s] Invoked command in '/home/jungle/ros_cpp/chapt6_ws/build/bot_desc' returned '0': CMAKE_PREFIX_PATH=${CMAKE_PREFIX_PATH}:/opt/ros/humble /usr/bin/cmake --build /home/jungle/ros_cpp/chapt6_ws/build/bot_desc -- -j8 -l8
[0.101s] Invoking command in '/home/jungle/ros_cpp/chapt6_ws/build/bot_desc': CMAKE_PREFIX_PATH=${CMAKE_PREFIX_PATH}:/opt/ros/humble /usr/bin/cmake --install /home/jungle/ros_cpp/chapt6_ws/build/bot_desc
[0.114s] -- Install configuration: ""
[0.115s] -- Up-to-date: /home/jungle/ros_cpp/chapt6_ws/install/bot_desc/share/bot_desc/launch
[0.115s] -- Up-to-date: /home/jungle/ros_cpp/chapt6_ws/install/bot_desc/share/bot_desc/launch/display_robot_launch.py
[0.115s] -- Up-to-date: /home/jungle/ros_cpp/chapt6_ws/install/bot_desc/share/bot_desc/launch/__pycache__
[0.115s] -- Up-to-date: /home/jungle/ros_cpp/chapt6_ws/install/bot_desc/share/bot_desc/launch/__pycache__/display_robot_launch.cpython-310.pyc
[0.115s] -- Up-to-date: /home/jungle/ros_cpp/chapt6_ws/install/bot_desc/share/bot_desc/urdf
[0.115s] -- Up-to-date: /home/jungle/ros_cpp/chapt6_ws/install/bot_desc/share/bot_desc/urdf/first_robot.urdf
[0.116s] -- Up-to-date: /home/jungle/ros_cpp/chapt6_ws/install/bot_desc/share/bot_desc/urdf/labot.urdf.xacro
[0.116s] -- Up-to-date: /home/jungle/ros_cpp/chapt6_ws/install/bot_desc/share/bot_desc/urdf/first_robot.pdf
[0.116s] -- Up-to-date: /home/jungle/ros_cpp/chapt6_ws/install/bot_desc/share/bot_desc/urdf/first_robot.xacro
[0.116s] -- Up-to-date: /home/jungle/ros_cpp/chapt6_ws/install/bot_desc/share/bot_desc/urdf/base.urdf.xacro
[0.116s] -- Up-to-date: /home/jungle/ros_cpp/chapt6_ws/install/bot_desc/share/bot_desc/urdf/sensor
[0.116s] -- Up-to-date: /home/jungle/ros_cpp/chapt6_ws/install/bot_desc/share/bot_desc/urdf/sensor/laser.urdf.xacro
[0.116s] -- Up-to-date: /home/jungle/ros_cpp/chapt6_ws/install/bot_desc/share/bot_desc/urdf/sensor/camera.urdf.xacro
[0.116s] -- Up-to-date: /home/jungle/ros_cpp/chapt6_ws/install/bot_desc/share/bot_desc/urdf/sensor/imu.urdf.xacro
[0.119s] -- Up-to-date: /home/jungle/ros_cpp/chapt6_ws/install/bot_desc/share/bot_desc/urdf/first_robot.gv
[0.119s] -- Up-to-date: /home/jungle/ros_cpp/chapt6_ws/install/bot_desc/share/bot_desc/config
[0.119s] -- Up-to-date: /home/jungle/ros_cpp/chapt6_ws/install/bot_desc/share/bot_desc/config/display_robot_model.rviz
[0.120s] -- Up-to-date: /home/jungle/ros_cpp/chapt6_ws/install/bot_desc/share/ament_index/resource_index/package_run_dependencies/bot_desc
[0.120s] -- Up-to-date: /home/jungle/ros_cpp/chapt6_ws/install/bot_desc/share/ament_index/resource_index/parent_prefix_path/bot_desc
[0.120s] -- Up-to-date: /home/jungle/ros_cpp/chapt6_ws/install/bot_desc/share/bot_desc/environment/ament_prefix_path.sh
[0.120s] -- Up-to-date: /home/jungle/ros_cpp/chapt6_ws/install/bot_desc/share/bot_desc/environment/ament_prefix_path.dsv
[0.120s] -- Up-to-date: /home/jungle/ros_cpp/chapt6_ws/install/bot_desc/share/bot_desc/environment/path.sh
[0.120s] -- Up-to-date: /home/jungle/ros_cpp/chapt6_ws/install/bot_desc/share/bot_desc/environment/path.dsv
[0.121s] -- Up-to-date: /home/jungle/ros_cpp/chapt6_ws/install/bot_desc/share/bot_desc/local_setup.bash
[0.121s] -- Up-to-date: /home/jungle/ros_cpp/chapt6_ws/install/bot_desc/share/bot_desc/local_setup.sh
[0.121s] -- Up-to-date: /home/jungle/ros_cpp/chapt6_ws/install/bot_desc/share/bot_desc/local_setup.zsh
[0.121s] -- Up-to-date: /home/jungle/ros_cpp/chapt6_ws/install/bot_desc/share/bot_desc/local_setup.dsv
[0.121s] -- Installing: /home/jungle/ros_cpp/chapt6_ws/install/bot_desc/share/bot_desc/package.dsv
[0.121s] -- Up-to-date: /home/jungle/ros_cpp/chapt6_ws/install/bot_desc/share/ament_index/resource_index/packages/bot_desc
[0.121s] -- Up-to-date: /home/jungle/ros_cpp/chapt6_ws/install/bot_desc/share/bot_desc/cmake/bot_descConfig.cmake
[0.121s] -- Up-to-date: /home/jungle/ros_cpp/chapt6_ws/install/bot_desc/share/bot_desc/cmake/bot_descConfig-version.cmake
[0.121s] -- Up-to-date: /home/jungle/ros_cpp/chapt6_ws/install/bot_desc/share/bot_desc/package.xml
[0.123s] Invoked command in '/home/jungle/ros_cpp/chapt6_ws/build/bot_desc' returned '0': CMAKE_PREFIX_PATH=${CMAKE_PREFIX_PATH}:/opt/ros/humble /usr/bin/cmake --install /home/jungle/ros_cpp/chapt6_ws/build/bot_desc
